<?xml version="1.0" encoding="UTF-8"?>
<robot generator="Robot 3.1.2 (Python 3.7.4 on win32)" generated="20190901 18:50:09.004" rpa="false">
<suite id="s1" name="TestVargant" source="E:\Vasantha\TestVargant">
<suite id="s1-s1" name="HotelBookingTest" source="E:\Vasantha\TestVargant\HotelBookingTest.robot">
<test id="s1-s1-t1" name="HotelBooking">
<kw name="Open Browser" library="Selenium2Library">
<doc>Opens a new browser instance to the given ``url``.</doc>
<arguments>
<arg>https://www.cleartrip.com</arg>
<arg>chrome</arg>
</arguments>
<msg timestamp="20190901 18:50:09.492" level="INFO">Opening browser 'chrome' to base url 'https://www.cleartrip.com'.</msg>
<status status="PASS" starttime="20190901 18:50:09.488" endtime="20190901 18:50:22.541"></status>
</kw>
<kw name="Maximize Browser Window" library="Selenium2Library">
<doc>Maximizes current browser window.</doc>
<status status="PASS" starttime="20190901 18:50:22.541" endtime="20190901 18:50:26.718"></status>
</kw>
<kw name="Click Link" library="Selenium2Library">
<doc>Clicks a link identified by ``locator``.</doc>
<arguments>
<arg>${LnkHotel}</arg>
</arguments>
<msg timestamp="20190901 18:50:26.722" level="INFO">Clicking link '//*[@id="Home"]/div/aside[1]/nav/ul[1]/li[2]/a[1]'.</msg>
<status status="PASS" starttime="20190901 18:50:26.722" endtime="20190901 18:50:36.328"></status>
</kw>
<kw name="Input Text" library="Selenium2Library">
<doc>Types the given ``text`` into text field identified by ``locator``.</doc>
<arguments>
<arg>${Where}</arg>
<arg>${Location}</arg>
</arguments>
<msg timestamp="20190901 18:50:36.332" level="INFO">Typing text 'Indiranagar' into text field 'Tags'.</msg>
<status status="PASS" starttime="20190901 18:50:36.328" endtime="20190901 18:50:36.824"></status>
</kw>
<kw name="Sleep" library="BuiltIn">
<doc>Pauses the test executed for the given time.</doc>
<arguments>
<arg>5</arg>
</arguments>
<msg timestamp="20190901 18:50:41.836" level="INFO">Slept 5 seconds</msg>
<status status="PASS" starttime="20190901 18:50:36.824" endtime="20190901 18:50:41.837"></status>
</kw>
<kw name="Press Key" library="Selenium2Library">
<doc>Deprecated use `Press Keys` instead.</doc>
<arguments>
<arg>${Where}</arg>
<arg>\\25</arg>
</arguments>
<status status="PASS" starttime="20190901 18:50:41.837" endtime="20190901 18:50:41.929"></status>
</kw>
<kw name="Press Key" library="Selenium2Library">
<doc>Deprecated use `Press Keys` instead.</doc>
<arguments>
<arg>${Where}</arg>
<arg>\\13</arg>
</arguments>
<status status="PASS" starttime="20190901 18:50:41.929" endtime="20190901 18:50:42.105"></status>
</kw>
<kw name="Click Element" library="Selenium2Library">
<doc>Click element identified by ``locator``.</doc>
<arguments>
<arg>${CheckInDate}</arg>
</arguments>
<msg timestamp="20190901 18:50:42.105" level="INFO">Clicking element 'CheckInDate'.</msg>
<status status="PASS" starttime="20190901 18:50:42.105" endtime="20190901 18:50:42.233"></status>
</kw>
<kw name="Click Element" library="Selenium2Library">
<doc>Click element identified by ``locator``.</doc>
<arguments>
<arg>${CheckIn}</arg>
</arguments>
<msg timestamp="20190901 18:50:42.233" level="INFO">Clicking element '//*[@id="ui-datepicker-div"]/div[1]/table/tbody/tr[5]/td[3]/a'.</msg>
<status status="PASS" starttime="20190901 18:50:42.233" endtime="20190901 18:50:42.389"></status>
</kw>
<kw name="Click Element" library="Selenium2Library">
<doc>Click element identified by ``locator``.</doc>
<arguments>
<arg>${CheckOutDate}</arg>
</arguments>
<msg timestamp="20190901 18:50:42.393" level="INFO">Clicking element 'CheckOutDate'.</msg>
<status status="PASS" starttime="20190901 18:50:42.393" endtime="20190901 18:50:42.521"></status>
</kw>
<kw name="Click Element" library="Selenium2Library">
<doc>Click element identified by ``locator``.</doc>
<arguments>
<arg>${CheckOut}</arg>
</arguments>
<msg timestamp="20190901 18:50:42.525" level="INFO">Clicking element '//*[@id="ui-datepicker-div"]/div[1]/table/tbody/tr[5]/td[5]/a'.</msg>
<status status="PASS" starttime="20190901 18:50:42.525" endtime="20190901 18:50:42.677"></status>
</kw>
<kw name="Select From List By Value" library="Selenium2Library">
<doc>Selects options from selection list ``locator`` by ``values``.</doc>
<arguments>
<arg>${Travellers}</arg>
<arg>4</arg>
</arguments>
<msg timestamp="20190901 18:50:42.677" level="INFO">Selecting options from selection list 'travellersOnhome' by value 4.</msg>
<status status="PASS" starttime="20190901 18:50:42.677" endtime="20190901 18:50:42.937"></status>
</kw>
<kw name="Capture Page Screenshot" library="Selenium2Library">
<doc>Takes screenshot of the current page and embeds it into log file.</doc>
<msg timestamp="20190901 18:50:43.255" level="INFO" html="yes">&lt;/td&gt;&lt;/tr&gt;&lt;tr&gt;&lt;td colspan="3"&gt;&lt;a href="selenium-screenshot-8.png"&gt;&lt;img src="selenium-screenshot-8.png" width="800px"&gt;&lt;/a&gt;</msg>
<status status="PASS" starttime="20190901 18:50:42.937" endtime="20190901 18:50:43.255"></status>
</kw>
<kw name="Click Button" library="Selenium2Library">
<doc>Clicks button identified by ``locator``.</doc>
<arguments>
<arg>${SearchBtn}</arg>
</arguments>
<msg timestamp="20190901 18:50:43.255" level="INFO">Clicking button 'SearchHotelsButton'.</msg>
<status status="PASS" starttime="20190901 18:50:43.255" endtime="20190901 18:50:43.630"></status>
</kw>
<kw name="Page Should Contain Element" library="Selenium2Library">
<doc>Verifies that element ``locator`` is found on the current page.</doc>
<arguments>
<arg>${HotelList}</arg>
</arguments>
<msg timestamp="20190901 18:50:43.674" level="INFO">Current page contains element '//*[@class='hotelsList']'.</msg>
<status status="PASS" starttime="20190901 18:50:43.630" endtime="20190901 18:50:43.674"></status>
</kw>
<kw name="Sleep" library="BuiltIn">
<doc>Pauses the test executed for the given time.</doc>
<arguments>
<arg>10</arg>
</arguments>
<msg timestamp="20190901 18:50:53.675" level="INFO">Slept 10 seconds</msg>
<status status="PASS" starttime="20190901 18:50:43.674" endtime="20190901 18:50:53.675"></status>
</kw>
<kw name="Capture Page Screenshot" library="Selenium2Library">
<doc>Takes screenshot of the current page and embeds it into log file.</doc>
<msg timestamp="20190901 18:50:54.366" level="INFO" html="yes">&lt;/td&gt;&lt;/tr&gt;&lt;tr&gt;&lt;td colspan="3"&gt;&lt;a href="selenium-screenshot-9.png"&gt;&lt;img src="selenium-screenshot-9.png" width="800px"&gt;&lt;/a&gt;</msg>
<status status="PASS" starttime="20190901 18:50:53.675" endtime="20190901 18:50:54.366"></status>
</kw>
<status status="PASS" starttime="20190901 18:50:09.488" endtime="20190901 18:50:54.366" critical="yes"></status>
</test>
<status status="PASS" starttime="20190901 18:50:09.108" endtime="20190901 18:50:54.370"></status>
</suite>
<status status="PASS" starttime="20190901 18:50:09.075" endtime="20190901 18:50:54.373"></status>
</suite>
<statistics>
<total>
<stat pass="1" fail="0">Critical Tests</stat>
<stat pass="1" fail="0">All Tests</stat>
</total>
<tag>
</tag>
<suite>
<stat pass="1" fail="0" id="s1" name="TestVargant">TestVargant</stat>
<stat pass="1" fail="0" id="s1-s1" name="HotelBookingTest">TestVargant.HotelBookingTest</stat>
</suite>
</statistics>
<errors>
</errors>
</robot>
